Using pre-set license
Built from '2022.3/release' branch; Version is '2022.3.18f1 (d29bea25151d) revision 13802474'; Using compiler version '192829333'; Build Type 'Release'
OS: 'Windows 11  (10.0.26100) 64bit Professional' Language: 'en' Physical Memory: 16309 MB
BatchMode: 1, IsHumanControllingUs: 0, StartBugReporterOnCrash: 0, Is64bit: 1, IsPro: 1

COMMAND LINE ARGUMENTS:
C:\Program Files\Unity\Hub\Editor\2022.3.18f1\Editor\Unity.exe
-adb2
-batchMode
-noUpm
-name
AssetImportWorker1
-projectPath
C:/Users/Dr.House/UnityProjects/GameProject/Game2D
-logFile
Logs/AssetImportWorker1.log
-srvPort
59823
Successfully changed project path to: C:/Users/Dr.House/UnityProjects/GameProject/Game2D
C:/Users/Dr.House/UnityProjects/GameProject/Game2D
[UnityMemory] Configuration Parameters - Can be set up in boot.config
    "memorysetup-bucket-allocator-granularity=16"
    "memorysetup-bucket-allocator-bucket-count=8"
    "memorysetup-bucket-allocator-block-size=33554432"
    "memorysetup-bucket-allocator-block-count=8"
    "memorysetup-main-allocator-block-size=16777216"
    "memorysetup-thread-allocator-block-size=16777216"
    "memorysetup-gfx-main-allocator-block-size=16777216"
    "memorysetup-gfx-thread-allocator-block-size=16777216"
    "memorysetup-cache-allocator-block-size=4194304"
    "memorysetup-typetree-allocator-block-size=2097152"
    "memorysetup-profiler-bucket-allocator-granularity=16"
    "memorysetup-profiler-bucket-allocator-bucket-count=8"
    "memorysetup-profiler-bucket-allocator-block-size=33554432"
    "memorysetup-profiler-bucket-allocator-block-count=8"
    "memorysetup-profiler-allocator-block-size=16777216"
    "memorysetup-profiler-editor-allocator-block-size=1048576"
    "memorysetup-temp-allocator-size-main=16777216"
    "memorysetup-job-temp-allocator-block-size=2097152"
    "memorysetup-job-temp-allocator-block-size-background=1048576"
    "memorysetup-job-temp-allocator-reduction-small-platforms=262144"
    "memorysetup-allocator-temp-initial-block-size-main=262144"
    "memorysetup-allocator-temp-initial-block-size-worker=262144"
    "memorysetup-temp-allocator-size-background-worker=32768"
    "memorysetup-temp-allocator-size-job-worker=262144"
    "memorysetup-temp-allocator-size-preload-manager=33554432"
    "memorysetup-temp-allocator-size-nav-mesh-worker=65536"
    "memorysetup-temp-allocator-size-audio-worker=65536"
    "memorysetup-temp-allocator-size-cloud-worker=32768"
    "memorysetup-temp-allocator-size-gi-baking-worker=262144"
    "memorysetup-temp-allocator-size-gfx=262144"
Player connection [13968] Host "[IP] 192.168.1.2 [Port] 0 [Flags] 2 [Guid] 2976339182 [EditorId] 2976339182 [Version] 1048832 [Id] WindowsEditor(7,DESKTOP-OB55K1U) [Debug] 1 [PackageName] WindowsEditor [ProjectName] Editor" joined multi-casting on [225.0.0.222:54997]...

Player connection [13968] Host "[IP] 192.168.1.2 [Port] 0 [Flags] 2 [Guid] 2976339182 [EditorId] 2976339182 [Version] 1048832 [Id] WindowsEditor(7,DESKTOP-OB55K1U) [Debug] 1 [PackageName] WindowsEditor [ProjectName] Editor" joined alternative multi-casting on [225.0.0.222:34997]...

[Physics::Module] Initialized MultithreadedJobDispatcher with 3 workers.
Refreshing native plugins compatible for Editor in 23.73 ms, found 4 plugins.
Preloading 0 native plugins for Editor in 0.00 ms.
Initialize engine version: 2022.3.18f1 (d29bea25151d)
[Subsystems] Discovering subsystems at path C:/Program Files/Unity/Hub/Editor/2022.3.18f1/Editor/Data/Resources/UnitySubsystems
[Subsystems] Discovering subsystems at path C:/Users/Dr.House/UnityProjects/GameProject/Game2D/Assets
GfxDevice: creating device client; threaded=0; jobified=0
Direct3D:
    Version:  Direct3D 11.0 [level 11.1]
    Renderer: NVIDIA GeForce GTX 1650 (ID=0x1f0a)
    Vendor:   NVIDIA
    VRAM:     3935 MB
    Driver:   32.0.15.6590
Initialize mono
Mono path[0] = 'C:/Program Files/Unity/Hub/Editor/2022.3.18f1/Editor/Data/Managed'
Mono path[1] = 'C:/Program Files/Unity/Hub/Editor/2022.3.18f1/Editor/Data/MonoBleedingEdge/lib/mono/unityjit-win32'
Mono config path = 'C:/Program Files/Unity/Hub/Editor/2022.3.18f1/Editor/Data/MonoBleedingEdge/etc'
Using monoOptions --debugger-agent=transport=dt_socket,embedding=1,server=y,suspend=n,address=127.0.0.1:56312
Begin MonoManager ReloadAssembly
Registering precompiled unity dll's ...
Register platform support module: C:/Program Files/Unity/Hub/Editor/2022.3.18f1/Editor/Data/PlaybackEngines/WindowsStandaloneSupport/UnityEditor.WindowsStandalone.Extensions.dll
Registered in 0.013073 seconds.
- Loaded All Assemblies, in  0.650 seconds
Native extension for WindowsStandalone target not found
Mono: successfully reloaded assembly
- Finished resetting the current domain, in  0.552 seconds
Domain Reload Profiling: 1200ms
	BeginReloadAssembly (179ms)
		ExecutionOrderSort (0ms)
		DisableScriptedObjects (0ms)
		BackupInstance (0ms)
		ReleaseScriptingObjects (0ms)
		CreateAndSetChildDomain (1ms)
	RebuildCommonClasses (70ms)
	RebuildNativeTypeToScriptingClass (20ms)
	initialDomainReloadingComplete (115ms)
	LoadAllAssembliesAndSetupDomain (264ms)
		LoadAssemblies (175ms)
		RebuildTransferFunctionScriptingTraits (0ms)
		AnalyzeDomain (260ms)
			TypeCache.Refresh (258ms)
				TypeCache.ScanAssembly (234ms)
			ScanForSourceGeneratedMonoScriptInfo (0ms)
			ResolveRequiredComponents (1ms)
	FinalizeReload (553ms)
		ReleaseScriptCaches (0ms)
		RebuildScriptCaches (0ms)
		SetupLoadedEditorAssemblies (434ms)
			LogAssemblyErrors (0ms)
			InitializePlatformSupportModulesInManaged (19ms)
			SetLoadedEditorAssemblies (16ms)
			RefreshPlugins (0ms)
			BeforeProcessingInitializeOnLoad (5ms)
			ProcessInitializeOnLoadAttributes (298ms)
			ProcessInitializeOnLoadMethodAttributes (95ms)
			AfterProcessingInitializeOnLoad (0ms)
			EditorAssembliesLoaded (0ms)
		ExecutionOrderSort2 (0ms)
		AwakeInstancesAfterBackupRestoration (0ms)
========================================================================
Worker process is ready to serve import requests
Begin MonoManager ReloadAssembly
- Loaded All Assemblies, in  1.598 seconds
Refreshing native plugins compatible for Editor in 8.20 ms, found 4 plugins.
Native extension for WindowsStandalone target not found
Package Manager log level set to [2]
[Package Manager] Server::EnsureServerProcessIsRunning -- launch failed, reason: Unity was launched with the -noUpm command-line argument
[Package Manager] UpmClient::Send -- Unable to send message (not connected to UPM process).
[Package Manager] Cannot connect to Unity Package Manager local server
Mono: successfully reloaded assembly
- Finished resetting the current domain, in  1.837 seconds
Domain Reload Profiling: 3427ms
	BeginReloadAssembly (345ms)
		ExecutionOrderSort (0ms)
		DisableScriptedObjects (13ms)
		BackupInstance (0ms)
		ReleaseScriptingObjects (0ms)
		CreateAndSetChildDomain (48ms)
	RebuildCommonClasses (71ms)
	RebuildNativeTypeToScriptingClass (20ms)
	initialDomainReloadingComplete (88ms)
	LoadAllAssembliesAndSetupDomain (1066ms)
		LoadAssemblies (795ms)
		RebuildTransferFunctionScriptingTraits (0ms)
		AnalyzeDomain (442ms)
			TypeCache.Refresh (361ms)
				TypeCache.ScanAssembly (332ms)
			ScanForSourceGeneratedMonoScriptInfo (54ms)
			ResolveRequiredComponents (22ms)
	FinalizeReload (1838ms)
		ReleaseScriptCaches (0ms)
		RebuildScriptCaches (0ms)
		SetupLoadedEditorAssemblies (1477ms)
			LogAssemblyErrors (0ms)
			InitializePlatformSupportModulesInManaged (10ms)
			SetLoadedEditorAssemblies (10ms)
			RefreshPlugins (0ms)
			BeforeProcessingInitializeOnLoad (259ms)
			ProcessInitializeOnLoadAttributes (968ms)
			ProcessInitializeOnLoadMethodAttributes (213ms)
			AfterProcessingInitializeOnLoad (16ms)
			EditorAssembliesLoaded (1ms)
		ExecutionOrderSort2 (0ms)
		AwakeInstancesAfterBackupRestoration (14ms)
Launched and connected shader compiler UnityShaderCompiler.exe after 0.08 seconds
Refreshing native plugins compatible for Editor in 11.30 ms, found 4 plugins.
Preloading 0 native plugins for Editor in 0.00 ms.
Unloading 5967 Unused Serialized files (Serialized files now loaded: 0)
Unloading 100 unused Assets / (424.4 KB). Loaded Objects now: 6425.
Memory consumption went from 233.5 MB to 233.1 MB.
Total: 6.929400 ms (FindLiveObjects: 0.559200 ms CreateObjectMapping: 0.340600 ms MarkObjects: 5.734400 ms  DeleteObjects: 0.293600 ms)

AssetImportParameters requested are different than current active one (requested -> active):
  custom:container-demuxer-ogg: 62fdf1f143b41e24485cea50d1cbac27 -> 
  custom:video-codec-MediaFoundation-h265: 746d11721c4dcdbdad8f713fa42b33f4 -> 
  custom:video-decoder-ogg-theora: a1e56fd34408186e4bbccfd4996cb3dc -> 
  custom:framework-win-MediaFoundation: 216162199b28c13a410421893ffa2e32 -> 
  custom:CustomObjectIndexerAttribute: 62b5816608c3102f162a1797e29626cf -> 
  custom:container-demuxer-webm: 4f35f7cbe854078d1ac9338744f61a02 -> 
  custom:container-muxer-webm: aa71ff27fc2769a1b78a27578f13a17b -> 
  custom:video-decoder-webm-vp8: 9c59270c3fd7afecdb556c50c9e8de78 -> 
  custom:SearchIndexIgnoredProperties: e643bd26f0fe6173181afceb89e7c659 -> 
  custom:AudioImporter_EditorPlatform: d09bf68614088b80899f8185d706f6e7 -> 
  custom:video-encoder-webm-vp8: eb34c28f22e8b96e1ab97ce403110664 -> 
  custom:audio-decoder-ogg-vorbis: bf7c407c2cedff20999df2af8eb42d56 -> 
  custom:scripting/monoscript/fileName/SaveSystem.cs: 69795f778d3ac0ba67078ab722956f33 -> cb4413ad9450e2f4c5d5ede950b969b9
  custom:audio-encoder-webm-vorbis: bf7c407c2cedff20999df2af8eb42d56 -> 
========================================================================
Received Import Request.
  Time since last request: 44991.538822 seconds.
  path: Assets/CutScenes/Village/AppleSlaaay.signal
  artifactKey: Guid(53be85f166bc54c4483d757ca2ba5add) Importer(815301076,1909f56bfc062723c751e8b465ee728b)
Start importing Assets/CutScenes/Village/AppleSlaaay.signal using Guid(53be85f166bc54c4483d757ca2ba5add) Importer(815301076,1909f56bfc062723c751e8b465ee728b)  -> (artifact id: 'ac39038e9de00743962cba582977d097') in 0.024813 seconds
Number of updated asset objects reloaded before import = 0
Number of asset objects unloaded after import = 1
========================================================================
Received Import Request.
  Time since last request: 0.000041 seconds.
  path: Assets/CutScenes/Village/New Signal2.signal
  artifactKey: Guid(d89c247e8604bbf4296ebc89d0b05c29) Importer(815301076,1909f56bfc062723c751e8b465ee728b)
Start importing Assets/CutScenes/Village/New Signal2.signal using Guid(d89c247e8604bbf4296ebc89d0b05c29) Importer(815301076,1909f56bfc062723c751e8b465ee728b)  -> (artifact id: '28ef534673c6a46da87e30dd81e5f062') in 0.001673 seconds
Number of updated asset objects reloaded before import = 0
Number of asset objects unloaded after import = 1
========================================================================
Received Import Request.
  Time since last request: 0.000018 seconds.
  path: Assets/CutScenes/Village/Death.playable
  artifactKey: Guid(cac63a32a4fb9a6479987aebe7d3b46e) Importer(815301076,1909f56bfc062723c751e8b465ee728b)
Start importing Assets/CutScenes/Village/Death.playable using Guid(cac63a32a4fb9a6479987aebe7d3b46e) Importer(815301076,1909f56bfc062723c751e8b465ee728b)  -> (artifact id: '8381b541b21b48d073ccc35a757ca455') in 0.053218 seconds
Number of updated asset objects reloaded before import = 0
Number of asset objects unloaded after import = 191
========================================================================
Received Import Request.
  Time since last request: 0.000024 seconds.
  path: Assets/CutScenes/Village/AlimGo.signal
  artifactKey: Guid(b83078fa2432f944c87cb64d6237122d) Importer(815301076,1909f56bfc062723c751e8b465ee728b)
Start importing Assets/CutScenes/Village/AlimGo.signal using Guid(b83078fa2432f944c87cb64d6237122d) Importer(815301076,1909f56bfc062723c751e8b465ee728b)  -> (artifact id: 'd39611eb6d0b8a2f53ec793397a81e1b') in 0.001314 seconds
Number of updated asset objects reloaded before import = 0
Number of asset objects unloaded after import = 1
========================================================================
Received Import Request.
  Time since last request: 0.000021 seconds.
  path: Assets/CutScenes/Village/AfterDeath.signal
  artifactKey: Guid(bf71108810e08104eac04f6201aef65e) Importer(815301076,1909f56bfc062723c751e8b465ee728b)
Start importing Assets/CutScenes/Village/AfterDeath.signal using Guid(bf71108810e08104eac04f6201aef65e) Importer(815301076,1909f56bfc062723c751e8b465ee728b)  -> (artifact id: 'c2e4caf9f7f2f08b0a90919c191087fc') in 0.001390 seconds
Number of updated asset objects reloaded before import = 0
Number of asset objects unloaded after import = 1
========================================================================
Received Import Request.
  Time since last request: 0.000018 seconds.
  path: Assets/CutScenes/Village/Begin.playable
  artifactKey: Guid(74a7b86c66746b44da27d8a445a6ffe3) Importer(815301076,1909f56bfc062723c751e8b465ee728b)
Start importing Assets/CutScenes/Village/Begin.playable using Guid(74a7b86c66746b44da27d8a445a6ffe3) Importer(815301076,1909f56bfc062723c751e8b465ee728b)  -> (artifact id: '3a99e6efca505464663e164ab4d971ea') in 0.008821 seconds
Number of updated asset objects reloaded before import = 0
Number of asset objects unloaded after import = 45
========================================================================
Received Import Request.
  Time since last request: 0.000022 seconds.
  path: Assets/CutScenes/Village/AttackModeEnable.signal
  artifactKey: Guid(a488f78af342ede46a9a1eb8077feaba) Importer(815301076,1909f56bfc062723c751e8b465ee728b)
Start importing Assets/CutScenes/Village/AttackModeEnable.signal using Guid(a488f78af342ede46a9a1eb8077feaba) Importer(815301076,1909f56bfc062723c751e8b465ee728b)  -> (artifact id: '566336ca8c68298e2b2876eeeb29658a') in 0.001365 seconds
Number of updated asset objects reloaded before import = 0
Number of asset objects unloaded after import = 1
========================================================================
Received Import Request.
  Time since last request: 0.000019 seconds.
  path: Assets/CutScenes/Village/Offence.signal
  artifactKey: Guid(779be38f5bf99b7499769204876a3057) Importer(815301076,1909f56bfc062723c751e8b465ee728b)
Start importing Assets/CutScenes/Village/Offence.signal using Guid(779be38f5bf99b7499769204876a3057) Importer(815301076,1909f56bfc062723c751e8b465ee728b)  -> (artifact id: '781c79d2c5b9978f81c8849bc2c97ce8') in 0.002063 seconds
Number of updated asset objects reloaded before import = 0
Number of asset objects unloaded after import = 1
========================================================================
Received Import Request.
  Time since last request: 0.000021 seconds.
  path: Assets/CutScenes/Village/New Signal1.signal
  artifactKey: Guid(3b5f77b6f5880fc4caa0f2b1fe0bf63f) Importer(815301076,1909f56bfc062723c751e8b465ee728b)
Start importing Assets/CutScenes/Village/New Signal1.signal using Guid(3b5f77b6f5880fc4caa0f2b1fe0bf63f) Importer(815301076,1909f56bfc062723c751e8b465ee728b)  -> (artifact id: '475068465d0b5820e431ed51c7f07c5c') in 0.001431 seconds
Number of updated asset objects reloaded before import = 0
Number of asset objects unloaded after import = 1
========================================================================
Received Import Request.
  Time since last request: 0.000019 seconds.
  path: Assets/CutScenes/Village/New Signal3.signal
  artifactKey: Guid(8acfed5ea0c48e64ca060605153a9c2d) Importer(815301076,1909f56bfc062723c751e8b465ee728b)
Start importing Assets/CutScenes/Village/New Signal3.signal using Guid(8acfed5ea0c48e64ca060605153a9c2d) Importer(815301076,1909f56bfc062723c751e8b465ee728b)  -> (artifact id: '3cb65e01c6c526954b9a732faf0e6ef9') in 0.001426 seconds
Number of updated asset objects reloaded before import = 0
Number of asset objects unloaded after import = 1
========================================================================
Received Import Request.
  Time since last request: 0.000019 seconds.
  path: Assets/CutScenes/Village/Begin.signal
  artifactKey: Guid(4c57e1b82159ac84e86204d7ab433e83) Importer(815301076,1909f56bfc062723c751e8b465ee728b)
Start importing Assets/CutScenes/Village/Begin.signal using Guid(4c57e1b82159ac84e86204d7ab433e83) Importer(815301076,1909f56bfc062723c751e8b465ee728b)  -> (artifact id: '7dc4061d057defd22109a0fe7410609c') in 0.001533 seconds
Number of updated asset objects reloaded before import = 0
Number of asset objects unloaded after import = 1
========================================================================
Received Import Request.
  Time since last request: 0.000028 seconds.
  path: Assets/CutScenes/Village/CapitanTalk.signal
  artifactKey: Guid(fa64eb871d48bc6499165390e04b9879) Importer(815301076,1909f56bfc062723c751e8b465ee728b)
Start importing Assets/CutScenes/Village/CapitanTalk.signal using Guid(fa64eb871d48bc6499165390e04b9879) Importer(815301076,1909f56bfc062723c751e8b465ee728b)  -> (artifact id: 'c3f2b5c839894fbb2cff85158d19a33a') in 0.001621 seconds
Number of updated asset objects reloaded before import = 0
Number of asset objects unloaded after import = 1
